<?xml version="1.0" encoding="UTF-8"?>
<testsuites name="Test Suite2" time="195.538" tests="2" failures="0" errors="0">
   <testsuite name="Test Suite2" tests="2" failures="0" errors="0" time="195.538" skipped="0" timestamp="2023-06-14 11:36:21" hostname="nikhita.ganvir - INBL01LAP30757.brd.g-c-i.com" id="Test Suites/Test Suite2">
      <properties>
         <property name="deviceName"/>
         <property name="devicePlatform" value="WINDOWS"/>
         <property name="logFolder" value="C:\\Users\\nikhita.ganvir\\git\\TestOps_Session\\Reports\\20230614_113605\\Test Suite2\\20230614_113605"/>
         <property name="logFiles" value="C:\\Users\\nikhita.ganvir\\git\\TestOps_Session\\Reports\\20230614_113605\\Test Suite2\\20230614_113605\\execution0.log"/>
         <property name="attachments" value=""/>
         <property name="hostName" value="nikhita.ganvir - INBL01LAP30757.brd.g-c-i.com"/>
         <property name="remoteDriverUrl" value="testcloud.katalon.com/hub"/>
         <property name="desiredCapabilities" value="{
  &quot;networkConnectionEnabled&quot;: false,
  &quot;chrome&quot;: {
    &quot;chromedriverVersion&quot;: &quot;110.0.5481.30 (aedb656755c469651f01505a4f15e153fc606a1e-refs/branch-heads/5481@{#191})&quot;,
    &quot;userDataDir&quot;: &quot;C:\\Program Files (x86)\\scoped_dir1900_642778326&quot;
  },
  &quot;os&quot;: &quot;windows&quot;,
  &quot;se:cdpVersion&quot;: &quot;110.0.5481.104&quot;,
  &quot;timeouts&quot;: {
    &quot;implicit&quot;: 0,
    &quot;pageLoad&quot;: 300000,
    &quot;script&quot;: 30000
  },
  &quot;pageLoadStrategy&quot;: &quot;normal&quot;,
  &quot;unhandledPromptBehavior&quot;: &quot;dismiss and notify&quot;,
  &quot;strictFileInteractability&quot;: false,
  &quot;platform&quot;: &quot;WINDOWS&quot;,
  &quot;se:cdp&quot;: &quot;ws://10.0.2.15:4444/session/6980f280d67565f94fb180db1ff300a3/se/cdp&quot;,
  &quot;proxy&quot;: {
    &quot;proxyType&quot;: &quot;DIRECT&quot;,
    &quot;autodetect&quot;: false
  },
  &quot;goog:chromeOptions&quot;: {
    &quot;debuggerAddress&quot;: &quot;localhost:49840&quot;
  },
  &quot;requestId&quot;: &quot;bced2564-17ff-4565-9c3f-123aefb71cd7&quot;,
  &quot;webauthn:extension:credBlob&quot;: true,
  &quot;acceptInsecureCerts&quot;: false,
  &quot;browserVersion&quot;: &quot;110.0.0.0&quot;,
  &quot;browserName&quot;: &quot;chrome&quot;,
  &quot;javascriptEnabled&quot;: true,
  &quot;katalon:option&quot;: {
    &quot;unlimitedExecutionMinutes&quot;: true,
    &quot;userId&quot;: 1220243,
    &quot;organizationId&quot;: &quot;1191551&quot;,
    &quot;class&quot;: &quot;com.katalon.testcloud.grid.common.tunnel.domain.UserOptionCapability&quot;,
    &quot;runFromTestCloud&quot;: true,
    &quot;usingTunnel&quot;: false
  },
  &quot;platformName&quot;: &quot;WINDOWS&quot;,
  &quot;setWindowRect&quot;: true,
  &quot;webauthn:extension:largeBlob&quot;: true,
  &quot;webauthn:virtualAuthenticators&quot;: true
}"/>
         <property name="os" value="Windows 10 64bit"/>
         <property name="remoteOS" value="Windows"/>
         <property name="katalonVersion" value="8.6.0.208"/>
         <property name="browser" value="Chrome 110.0.0.0"/>
         <property name="hostAddress" value="192.168.1.5"/>
         <property name="sessionId" value="6980f280d67565f94fb180db1ff300a3"/>
         <property name="seleniumVersion" value="3.141.59"/>
         <property name="proxyInformation" value="ProxyInformation { proxyOption=NO_PROXY, proxyServerType=HTTP, username=, password=********, proxyServerAddress=, proxyServerPort=0, executionList=&quot;&quot;, isApplyToDesiredCapabilities=true }"/>
         <property name="platform" value="Windows 10"/>
      </properties>
      <testcase name="Test Cases/Test Case1" time="81.69" classname="Test Cases/Test Case1" status="PASSED">
         <system-out><![CDATA[2023-06-14 11:36:21 - [TEST_CASE][PASSED] - Test Cases/Test Case1: Test Cases/Test Case1

2023-06-14 11:36:22 - [TEST_STEP][PASSED] - openBrowser(""): Browser is opened with url: ''

2023-06-14 11:36:23 - [MESSAGE][INFO] - User set preference: ['os', 'windows']

2023-06-14 11:36:23 - [MESSAGE][INFO] - User set preference: ['browserName', 'chrome']

2023-06-14 11:36:23 - [MESSAGE][INFO] - User set preference: ['browserVersion', '110']

2023-06-14 11:36:23 - [MESSAGE][INFO] - User set preference: ['katalon:option', '{organizationId=1191551, tunnelId=, usingTunnel=false}']

2023-06-14 11:36:23 - [MESSAGE][INFO] - Connecting to remote web server 'testcloud.katalon.com/hub' with type 'Selenium'

2023-06-14 11:36:24 - [MESSAGE][INFO] - Action delay is set to 0 milliseconds

2023-06-14 11:37:32 - [MESSAGE][PASSED] - Browser is opened with url: ''

2023-06-14 11:37:32 - [TEST_STEP][PASSED] - navigateToUrl("https://www.google.com"): Navigate to 'https://www.google.com' successfully

2023-06-14 11:37:36 - [MESSAGE][PASSED] - Navigate to 'https://www.google.com' successfully

2023-06-14 11:37:36 - [TEST_STEP][PASSED] - delay(3): Delayed 3 second(s)

2023-06-14 11:37:39 - [MESSAGE][PASSED] - Delayed 3 second(s)

2023-06-14 11:37:39 - [TEST_STEP][PASSED] - closeBrowser(): Browser is closed

2023-06-14 11:37:43 - [MESSAGE][PASSED] - Browser is closed]]></system-out>
         <system-err><![CDATA[]]></system-err>
      </testcase>
      <testcase name="Test Cases/Test Case3" time="113.313" classname="Test Cases/Test Case3" status="PASSED">
         <system-out><![CDATA[2023-06-14 11:37:43 - [TEST_CASE][PASSED] - Test Cases/Test Case3: Test Cases/Test Case3

2023-06-14 11:37:43 - [TEST_STEP][PASSED] - openBrowser(""): Browser is opened with url: ''

2023-06-14 11:37:43 - [MESSAGE][INFO] - User set preference: ['os', 'windows']

2023-06-14 11:37:43 - [MESSAGE][INFO] - User set preference: ['browserName', 'chrome']

2023-06-14 11:37:43 - [MESSAGE][INFO] - User set preference: ['browserVersion', '110']

2023-06-14 11:37:43 - [MESSAGE][INFO] - User set preference: ['katalon:option', '{organizationId=1191551, tunnelId=, usingTunnel=false}']

2023-06-14 11:37:43 - [MESSAGE][INFO] - Connecting to remote web server 'testcloud.katalon.com/hub' with type 'Selenium'

2023-06-14 11:37:43 - [MESSAGE][INFO] - Action delay is set to 0 milliseconds

2023-06-14 11:39:02 - [MESSAGE][PASSED] - Browser is opened with url: ''

2023-06-14 11:39:02 - [TEST_STEP][PASSED] - maximizeWindow(): Current window maximized

2023-06-14 11:39:03 - [MESSAGE][PASSED] - Current window maximized

2023-06-14 11:39:03 - [TEST_STEP][PASSED] - navigateToUrl("http://www.webdriveruniversity.com/Contact-Us/contactus.html"): Navigate to 'http://www.webdriveruniversity.com/Contact-Us/contactus.html' successfully

2023-06-14 11:39:05 - [MESSAGE][PASSED] - Navigate to 'http://www.webdriveruniversity.com/Contact-Us/contactus.html' successfully

2023-06-14 11:39:05 - [TEST_STEP][PASSED] - setText(findTestObject("Object Repository/contacUS/Page_WebDriver  Contact Us/input_CONTACT US_first_name"), "Nikhita"): Text 'Nikhita' is set on object 'Object Repository/contacUS/Page_WebDriver  Contact Us/input_CONTACT US_first_name'

2023-06-14 11:39:11 - [MESSAGE][PASSED] - Text 'Nikhita' is set on object 'Object Repository/contacUS/Page_WebDriver  Contact Us/input_CONTACT US_first_name'

2023-06-14 11:39:11 - [TEST_STEP][PASSED] - setText(findTestObject("Object Repository/contacUS/Page_WebDriver  Contact Us/input_CONTACT US_last_name"), "Ganvir"): Text 'Ganvir' is set on object 'Object Repository/contacUS/Page_WebDriver  Contact Us/input_CONTACT US_last_name'

2023-06-14 11:39:17 - [MESSAGE][PASSED] - Text 'Ganvir' is set on object 'Object Repository/contacUS/Page_WebDriver  Contact Us/input_CONTACT US_last_name'

2023-06-14 11:39:17 - [TEST_STEP][PASSED] - setText(findTestObject("Object Repository/contacUS/Page_WebDriver  Contact Us/input_CONTACT US_email"), "abc@gmail.com"): Text 'abc@gmail.com' is set on object 'Object Repository/contacUS/Page_WebDriver  Contact Us/input_CONTACT US_email'

2023-06-14 11:39:23 - [MESSAGE][PASSED] - Text 'abc@gmail.com' is set on object 'Object Repository/contacUS/Page_WebDriver  Contact Us/input_CONTACT US_email'

2023-06-14 11:39:23 - [TEST_STEP][PASSED] - setText(findTestObject("Object Repository/contacUS/Page_WebDriver  Contact Us/textarea_CONTACT US_message"), "I am learning Katalon."): Text 'I am learning Katalon.' is set on object 'Object Repository/contacUS/Page_WebDriver  Contact Us/textarea_CONTACT US_message'

2023-06-14 11:39:28 - [MESSAGE][PASSED] - Text 'I am learning Katalon.' is set on object 'Object Repository/contacUS/Page_WebDriver  Contact Us/textarea_CONTACT US_message'

2023-06-14 11:39:28 - [TEST_STEP][PASSED] - click(findTestObject("Object Repository/contacUS/Page_WebDriver  Contact Us/input_CONTACT US_contact_button")): Object: 'Object Repository/contacUS/Page_WebDriver  Contact Us/input_CONTACT US_contact_button' is clicked on

2023-06-14 11:39:32 - [MESSAGE][PASSED] - Object: 'Object Repository/contacUS/Page_WebDriver  Contact Us/input_CONTACT US_contact_button' is clicked on

2023-06-14 11:39:32 - [TEST_STEP][PASSED] - click(findTestObject("Object Repository/contacUS/Page_Gianni Bruno - Designer/h1_Thank You for your Message")): Object: 'Object Repository/contacUS/Page_Gianni Bruno - Designer/h1_Thank You for your Message' is clicked on

2023-06-14 11:39:34 - [MESSAGE][PASSED] - Object: 'Object Repository/contacUS/Page_Gianni Bruno - Designer/h1_Thank You for your Message' is clicked on

2023-06-14 11:39:34 - [TEST_STEP][PASSED] - closeBrowser(): Browser is closed

2023-06-14 11:39:36 - [MESSAGE][PASSED] - Browser is closed]]></system-out>
         <system-err><![CDATA[]]></system-err>
      </testcase>
      <system-out><![CDATA[2023-06-14 11:36:21 - [TEST_SUITE][PASSED] - Test Suite2: Test Cases/Test Case3]]></system-out>
      <system-err><![CDATA[]]></system-err>
   </testsuite>
</testsuites>
