<?xml version="1.0" encoding="UTF-8"?>
<testsuites name="Test Suite Collection4" time="418.897" tests="4" failures="0" errors="0">
   <testsuite name="Test Suite1" tests="2" failures="0" errors="0" time="174.79" skipped="0" timestamp="2023-06-14 12:55:59" hostname="nikhita.ganvir - INBL01LAP30757.brd.g-c-i.com" id="Test Suites/Test Suite1">
      <properties>
         <property name="deviceName"/>
         <property name="devicePlatform" value="WINDOWS"/>
         <property name="logFolder" value="C:\\Users\\nikhita.ganvir\\git\\TestOps_Session\\Reports\\20230614_125540\\Test Suite1\\20230614_125541"/>
         <property name="logFiles" value="C:\\Users\\nikhita.ganvir\\git\\TestOps_Session\\Reports\\20230614_125540\\Test Suite1\\20230614_125541\\execution0.log"/>
         <property name="attachments" value=""/>
         <property name="hostName" value="nikhita.ganvir - INBL01LAP30757.brd.g-c-i.com"/>
         <property name="remoteDriverUrl" value="testcloud.katalon.com/hub"/>
         <property name="desiredCapabilities" value="{
  &quot;networkConnectionEnabled&quot;: false,
  &quot;chrome&quot;: {
    &quot;chromedriverVersion&quot;: &quot;110.0.5481.30 (aedb656755c469651f01505a4f15e153fc606a1e-refs/branch-heads/5481@{#191})&quot;,
    &quot;userDataDir&quot;: &quot;C:\\Program Files (x86)\\scoped_dir1300_430703999&quot;
  },
  &quot;os&quot;: &quot;windows&quot;,
  &quot;se:cdpVersion&quot;: &quot;110.0.5481.104&quot;,
  &quot;timeouts&quot;: {
    &quot;implicit&quot;: 0,
    &quot;pageLoad&quot;: 300000,
    &quot;script&quot;: 30000
  },
  &quot;pageLoadStrategy&quot;: &quot;normal&quot;,
  &quot;unhandledPromptBehavior&quot;: &quot;dismiss and notify&quot;,
  &quot;strictFileInteractability&quot;: false,
  &quot;platform&quot;: &quot;WINDOWS&quot;,
  &quot;se:cdp&quot;: &quot;ws://10.0.2.15:4444/session/2e2aab04a88c3f27427c975cf487c0ff/se/cdp&quot;,
  &quot;proxy&quot;: {
    &quot;proxyType&quot;: &quot;DIRECT&quot;,
    &quot;autodetect&quot;: false
  },
  &quot;goog:chromeOptions&quot;: {
    &quot;debuggerAddress&quot;: &quot;localhost:49839&quot;
  },
  &quot;requestId&quot;: &quot;686806f4-0161-4180-925f-d0835252edc1&quot;,
  &quot;webauthn:extension:credBlob&quot;: true,
  &quot;acceptInsecureCerts&quot;: false,
  &quot;browserVersion&quot;: &quot;110.0.0.0&quot;,
  &quot;browserName&quot;: &quot;chrome&quot;,
  &quot;javascriptEnabled&quot;: true,
  &quot;katalon:option&quot;: {
    &quot;unlimitedExecutionMinutes&quot;: true,
    &quot;userId&quot;: 1220243,
    &quot;organizationId&quot;: &quot;1191551&quot;,
    &quot;class&quot;: &quot;com.katalon.testcloud.grid.common.tunnel.domain.UserOptionCapability&quot;,
    &quot;runFromTestCloud&quot;: true,
    &quot;usingTunnel&quot;: false
  },
  &quot;platformName&quot;: &quot;WINDOWS&quot;,
  &quot;setWindowRect&quot;: true,
  &quot;webauthn:extension:largeBlob&quot;: true,
  &quot;webauthn:virtualAuthenticators&quot;: true
}"/>
         <property name="os" value="Windows 10 64bit"/>
         <property name="remoteOS" value="Windows"/>
         <property name="katalonVersion" value="8.6.0.208"/>
         <property name="browser" value="Chrome 110.0.0.0"/>
         <property name="hostAddress" value="192.168.1.5"/>
         <property name="sessionId" value="2e2aab04a88c3f27427c975cf487c0ff"/>
         <property name="seleniumVersion" value="3.141.59"/>
         <property name="proxyInformation" value="ProxyInformation { proxyOption=NO_PROXY, proxyServerType=HTTP, username=, password=********, proxyServerAddress=, proxyServerPort=0, executionList=&quot;&quot;, isApplyToDesiredCapabilities=true }"/>
         <property name="platform" value="Windows 10"/>
      </properties>
      <testcase name="Test Cases/Test Case1" time="87.805" classname="Test Cases/Test Case1" status="PASSED">
         <system-out><![CDATA[2023-06-14 12:55:59 - [TEST_CASE][PASSED] - Test Cases/Test Case1: Test Cases/Test Case1

2023-06-14 12:56:00 - [TEST_STEP][PASSED] - openBrowser(""): Browser is opened with url: ''

2023-06-14 12:56:01 - [MESSAGE][INFO] - User set preference: ['os', 'windows']

2023-06-14 12:56:01 - [MESSAGE][INFO] - User set preference: ['browserName', 'chrome']

2023-06-14 12:56:01 - [MESSAGE][INFO] - User set preference: ['browserVersion', '110']

2023-06-14 12:56:01 - [MESSAGE][INFO] - User set preference: ['katalon:option', '{organizationId=1191551, tunnelId=, usingTunnel=false}']

2023-06-14 12:56:01 - [MESSAGE][INFO] - Connecting to remote web server 'testcloud.katalon.com/hub' with type 'Selenium'

2023-06-14 12:56:02 - [MESSAGE][INFO] - Action delay is set to 0 milliseconds

2023-06-14 12:57:12 - [MESSAGE][PASSED] - Browser is opened with url: ''

2023-06-14 12:57:12 - [TEST_STEP][PASSED] - navigateToUrl("https://www.google.com"): Navigate to 'https://www.google.com' successfully

2023-06-14 12:57:15 - [MESSAGE][PASSED] - Navigate to 'https://www.google.com' successfully

2023-06-14 12:57:15 - [TEST_STEP][PASSED] - delay(3): Delayed 3 second(s)

2023-06-14 12:57:18 - [MESSAGE][PASSED] - Delayed 3 second(s)

2023-06-14 12:57:18 - [TEST_STEP][PASSED] - closeBrowser(): Browser is closed

2023-06-14 12:57:27 - [MESSAGE][PASSED] - Browser is closed]]></system-out>
         <system-err><![CDATA[]]></system-err>
      </testcase>
      <testcase name="Test Cases/Test Case2" time="86.512" classname="Test Cases/Test Case2" status="PASSED">
         <system-out><![CDATA[2023-06-14 12:57:27 - [TEST_CASE][PASSED] - Test Cases/Test Case2: Test Cases/Test Case2

2023-06-14 12:57:28 - [TEST_STEP][PASSED] - openBrowser(""): Browser is opened with url: ''

2023-06-14 12:57:28 - [MESSAGE][INFO] - User set preference: ['os', 'windows']

2023-06-14 12:57:28 - [MESSAGE][INFO] - User set preference: ['browserName', 'chrome']

2023-06-14 12:57:28 - [MESSAGE][INFO] - User set preference: ['browserVersion', '110']

2023-06-14 12:57:28 - [MESSAGE][INFO] - User set preference: ['katalon:option', '{organizationId=1191551, tunnelId=, usingTunnel=false}']

2023-06-14 12:57:28 - [MESSAGE][INFO] - Connecting to remote web server 'testcloud.katalon.com/hub' with type 'Selenium'

2023-06-14 12:57:28 - [MESSAGE][INFO] - Action delay is set to 0 milliseconds

2023-06-14 12:58:40 - [MESSAGE][PASSED] - Browser is opened with url: ''

2023-06-14 12:58:40 - [TEST_STEP][PASSED] - navigateToUrl("https://www.youtube.com"): Navigate to 'https://www.youtube.com' successfully

2023-06-14 12:58:46 - [MESSAGE][PASSED] - Navigate to 'https://www.youtube.com' successfully

2023-06-14 12:58:46 - [TEST_STEP][PASSED] - delay(3): Delayed 3 second(s)

2023-06-14 12:58:49 - [MESSAGE][PASSED] - Delayed 3 second(s)

2023-06-14 12:58:49 - [TEST_STEP][PASSED] - closeBrowser(): Browser is closed

2023-06-14 12:58:54 - [MESSAGE][PASSED] - Browser is closed]]></system-out>
         <system-err><![CDATA[]]></system-err>
      </testcase>
      <system-out><![CDATA[2023-06-14 12:55:59 - [TEST_SUITE][PASSED] - Test Suite1: Test Cases/Test Case2]]></system-out>
      <system-err><![CDATA[]]></system-err>
   </testsuite>
   <testsuite name="Test Suite4" tests="2" failures="0" errors="0" time="200.943" skipped="0" timestamp="2023-06-14 12:59:18" hostname="nikhita.ganvir - INBL01LAP30757.brd.g-c-i.com" id="Test Suites/Test Suite4">
      <properties>
         <property name="deviceName"/>
         <property name="devicePlatform" value="WINDOWS"/>
         <property name="logFolder" value="C:\\Users\\nikhita.ganvir\\git\\TestOps_Session\\Reports\\20230614_125540\\Test Suite4\\20230614_125543"/>
         <property name="logFiles" value="C:\\Users\\nikhita.ganvir\\git\\TestOps_Session\\Reports\\20230614_125540\\Test Suite4\\20230614_125543\\execution0.log"/>
         <property name="attachments" value=""/>
         <property name="hostName" value="nikhita.ganvir - INBL01LAP30757.brd.g-c-i.com"/>
         <property name="remoteDriverUrl" value="testcloud.katalon.com/hub"/>
         <property name="desiredCapabilities" value="{
  &quot;networkConnectionEnabled&quot;: false,
  &quot;chrome&quot;: {
    &quot;chromedriverVersion&quot;: &quot;110.0.5481.30 (aedb656755c469651f01505a4f15e153fc606a1e-refs/branch-heads/5481@{#191})&quot;,
    &quot;userDataDir&quot;: &quot;C:\\Program Files (x86)\\scoped_dir6644_1204213956&quot;
  },
  &quot;se:cdpVersion&quot;: &quot;110.0.5481.104&quot;,
  &quot;timeouts&quot;: {
    &quot;implicit&quot;: 0,
    &quot;pageLoad&quot;: 300000,
    &quot;script&quot;: 30000
  },
  &quot;pageLoadStrategy&quot;: &quot;normal&quot;,
  &quot;unhandledPromptBehavior&quot;: &quot;dismiss and notify&quot;,
  &quot;strictFileInteractability&quot;: false,
  &quot;platform&quot;: &quot;WINDOWS&quot;,
  &quot;se:cdp&quot;: &quot;ws://10.0.2.15:4444/session/5afca73b8346b8e305dfa45e57c40867/se/cdp&quot;,
  &quot;proxy&quot;: {
    &quot;proxyType&quot;: &quot;DIRECT&quot;,
    &quot;autodetect&quot;: false
  },
  &quot;goog:chromeOptions&quot;: {
    &quot;debuggerAddress&quot;: &quot;localhost:49841&quot;
  },
  &quot;requestId&quot;: &quot;77eb3d4b-d71f-42a5-bd85-e9babe46ffff&quot;,
  &quot;webauthn:extension:credBlob&quot;: true,
  &quot;acceptInsecureCerts&quot;: false,
  &quot;browserVersion&quot;: &quot;110.0.0.0&quot;,
  &quot;browserName&quot;: &quot;chrome&quot;,
  &quot;javascriptEnabled&quot;: true,
  &quot;katalon:option&quot;: {
    &quot;unlimitedExecutionMinutes&quot;: true,
    &quot;userId&quot;: 1220243,
    &quot;organizationId&quot;: &quot;1191551&quot;,
    &quot;class&quot;: &quot;com.katalon.testcloud.grid.common.tunnel.domain.UserOptionCapability&quot;,
    &quot;runFromTestCloud&quot;: true,
    &quot;usingTunnel&quot;: false
  },
  &quot;platformName&quot;: &quot;WINDOWS&quot;,
  &quot;setWindowRect&quot;: true,
  &quot;webauthn:extension:largeBlob&quot;: true,
  &quot;webauthn:virtualAuthenticators&quot;: true
}"/>
         <property name="os" value="Windows 10 64bit"/>
         <property name="remoteOS" value="Windows"/>
         <property name="katalonVersion" value="8.6.0.208"/>
         <property name="browser" value="Chrome 110.0.0.0"/>
         <property name="hostAddress" value="192.168.1.5"/>
         <property name="sessionId" value="5afca73b8346b8e305dfa45e57c40867"/>
         <property name="seleniumVersion" value="3.141.59"/>
         <property name="proxyInformation" value="ProxyInformation { proxyOption=NO_PROXY, proxyServerType=HTTP, username=, password=********, proxyServerAddress=, proxyServerPort=0, executionList=&quot;&quot;, isApplyToDesiredCapabilities=true }"/>
         <property name="platform" value="Windows 10"/>
      </properties>
      <testcase name="Test Cases/Test Case3" time="98.948" classname="Test Cases/Test Case3" status="PASSED">
         <system-out><![CDATA[2023-06-14 12:59:18 - [TEST_CASE][PASSED] - Test Cases/Test Case3: Test Cases/Test Case3

2023-06-14 12:59:19 - [TEST_STEP][PASSED] - openBrowser(""): Browser is opened with url: ''

2023-06-14 12:59:19 - [MESSAGE][INFO] - User set preference: ['os', 'windows']

2023-06-14 12:59:19 - [MESSAGE][INFO] - User set preference: ['browserName', 'chrome']

2023-06-14 12:59:19 - [MESSAGE][INFO] - User set preference: ['browserVersion', '110']

2023-06-14 12:59:19 - [MESSAGE][INFO] - User set preference: ['katalon:option', '{organizationId=1191551, tunnelId=, usingTunnel=false}']

2023-06-14 12:59:19 - [MESSAGE][INFO] - Connecting to remote web server 'testcloud.katalon.com/hub' with type 'Selenium'

2023-06-14 12:59:20 - [MESSAGE][INFO] - Action delay is set to 0 milliseconds

2023-06-14 13:00:23 - [MESSAGE][PASSED] - Browser is opened with url: ''

2023-06-14 13:00:23 - [TEST_STEP][PASSED] - maximizeWindow(): Current window maximized

2023-06-14 13:00:24 - [MESSAGE][PASSED] - Current window maximized

2023-06-14 13:00:24 - [TEST_STEP][PASSED] - navigateToUrl("http://www.webdriveruniversity.com/Contact-Us/contactus.html"): Navigate to 'http://www.webdriveruniversity.com/Contact-Us/contactus.html' successfully

2023-06-14 13:00:26 - [MESSAGE][PASSED] - Navigate to 'http://www.webdriveruniversity.com/Contact-Us/contactus.html' successfully

2023-06-14 13:00:26 - [TEST_STEP][PASSED] - setText(findTestObject("Object Repository/contacUS/Page_WebDriver  Contact Us/input_CONTACT US_first_name"), "Nikhita"): Text 'Nikhita' is set on object 'Object Repository/contacUS/Page_WebDriver  Contact Us/input_CONTACT US_first_name'

2023-06-14 13:00:32 - [MESSAGE][PASSED] - Text 'Nikhita' is set on object 'Object Repository/contacUS/Page_WebDriver  Contact Us/input_CONTACT US_first_name'

2023-06-14 13:00:32 - [TEST_STEP][PASSED] - setText(findTestObject("Object Repository/contacUS/Page_WebDriver  Contact Us/input_CONTACT US_last_name"), "Ganvir"): Text 'Ganvir' is set on object 'Object Repository/contacUS/Page_WebDriver  Contact Us/input_CONTACT US_last_name'

2023-06-14 13:00:38 - [MESSAGE][PASSED] - Text 'Ganvir' is set on object 'Object Repository/contacUS/Page_WebDriver  Contact Us/input_CONTACT US_last_name'

2023-06-14 13:00:38 - [TEST_STEP][PASSED] - setText(findTestObject("Object Repository/contacUS/Page_WebDriver  Contact Us/input_CONTACT US_email"), "abc@gmail.com"): Text 'abc@gmail.com' is set on object 'Object Repository/contacUS/Page_WebDriver  Contact Us/input_CONTACT US_email'

2023-06-14 13:00:44 - [MESSAGE][PASSED] - Text 'abc@gmail.com' is set on object 'Object Repository/contacUS/Page_WebDriver  Contact Us/input_CONTACT US_email'

2023-06-14 13:00:44 - [TEST_STEP][PASSED] - setText(findTestObject("Object Repository/contacUS/Page_WebDriver  Contact Us/textarea_CONTACT US_message"), "I am learning Katalon."): Text 'I am learning Katalon.' is set on object 'Object Repository/contacUS/Page_WebDriver  Contact Us/textarea_CONTACT US_message'

2023-06-14 13:00:50 - [MESSAGE][PASSED] - Text 'I am learning Katalon.' is set on object 'Object Repository/contacUS/Page_WebDriver  Contact Us/textarea_CONTACT US_message'

2023-06-14 13:00:50 - [TEST_STEP][PASSED] - click(findTestObject("Object Repository/contacUS/Page_WebDriver  Contact Us/input_CONTACT US_contact_button")): Object: 'Object Repository/contacUS/Page_WebDriver  Contact Us/input_CONTACT US_contact_button' is clicked on

2023-06-14 13:00:53 - [MESSAGE][PASSED] - Object: 'Object Repository/contacUS/Page_WebDriver  Contact Us/input_CONTACT US_contact_button' is clicked on

2023-06-14 13:00:53 - [TEST_STEP][PASSED] - click(findTestObject("Object Repository/contacUS/Page_Gianni Bruno - Designer/h1_Thank You for your Message")): Object: 'Object Repository/contacUS/Page_Gianni Bruno - Designer/h1_Thank You for your Message' is clicked on

2023-06-14 13:00:56 - [MESSAGE][PASSED] - Object: 'Object Repository/contacUS/Page_Gianni Bruno - Designer/h1_Thank You for your Message' is clicked on

2023-06-14 13:00:56 - [TEST_STEP][PASSED] - closeBrowser(): Browser is closed

2023-06-14 13:00:57 - [MESSAGE][PASSED] - Browser is closed]]></system-out>
         <system-err><![CDATA[]]></system-err>
      </testcase>
      <testcase name="Test Cases/Test Case4" time="101.559" classname="Test Cases/Test Case4" status="PASSED">
         <system-out><![CDATA[2023-06-14 13:00:57 - [TEST_CASE][PASSED] - Test Cases/Test Case4: Test Cases/Test Case4

2023-06-14 13:00:57 - [TEST_STEP][PASSED] - openBrowser(""): Browser is opened with url: ''

2023-06-14 13:00:57 - [MESSAGE][INFO] - User set preference: ['os', 'windows']

2023-06-14 13:00:57 - [MESSAGE][INFO] - User set preference: ['browserName', 'chrome']

2023-06-14 13:00:57 - [MESSAGE][INFO] - User set preference: ['browserVersion', '110']

2023-06-14 13:00:57 - [MESSAGE][INFO] - User set preference: ['katalon:option', '{organizationId=1191551, tunnelId=, usingTunnel=false}']

2023-06-14 13:00:57 - [MESSAGE][INFO] - Connecting to remote web server 'testcloud.katalon.com/hub' with type 'Selenium'

2023-06-14 13:00:57 - [MESSAGE][INFO] - Action delay is set to 0 milliseconds

2023-06-14 13:02:11 - [MESSAGE][PASSED] - Browser is opened with url: ''

2023-06-14 13:02:11 - [TEST_STEP][PASSED] - maximizeWindow(): Current window maximized

2023-06-14 13:02:12 - [MESSAGE][PASSED] - Current window maximized

2023-06-14 13:02:12 - [TEST_STEP][PASSED] - navigateToUrl("https://opensource-demo.orangehrmlive.com/web/index.php/auth/login"): Navigate to 'https://opensource-demo.orangehrmlive.com/web/index.php/auth/login' successfully

2023-06-14 13:02:15 - [MESSAGE][PASSED] - Navigate to 'https://opensource-demo.orangehrmlive.com/web/index.php/auth/login' successfully

2023-06-14 13:02:15 - [TEST_STEP][PASSED] - setText(findTestObject("Object Repository/orangeHRM/Page_OrangeHRM/input_Username_username"), "Admin"): Text 'Admin' is set on object 'Object Repository/orangeHRM/Page_OrangeHRM/input_Username_username'

2023-06-14 13:02:20 - [MESSAGE][PASSED] - Text 'Admin' is set on object 'Object Repository/orangeHRM/Page_OrangeHRM/input_Username_username'

2023-06-14 13:02:20 - [TEST_STEP][PASSED] - setEncryptedText(findTestObject("Object Repository/orangeHRM/Page_OrangeHRM/input_Password_password"), "hUKwJTbofgPU9eVlw/CnDQ=="): Text ****** has been set on object 'Object Repository/orangeHRM/Page_OrangeHRM/input_Password_password'

2023-06-14 13:02:24 - [MESSAGE][PASSED] - Text ****** has been set on object 'Object Repository/orangeHRM/Page_OrangeHRM/input_Password_password'

2023-06-14 13:02:24 - [TEST_STEP][PASSED] - click(findTestObject("Object Repository/orangeHRM/Page_OrangeHRM/button_Login")): Object: 'Object Repository/orangeHRM/Page_OrangeHRM/button_Login' is clicked on

2023-06-14 13:02:29 - [MESSAGE][PASSED] - Object: 'Object Repository/orangeHRM/Page_OrangeHRM/button_Login' is clicked on

2023-06-14 13:02:29 - [TEST_STEP][PASSED] - click(findTestObject("Object Repository/orangeHRM/Page_OrangeHRM/h6_Dashboard")): Object: 'Object Repository/orangeHRM/Page_OrangeHRM/h6_Dashboard' is clicked on

2023-06-14 13:02:33 - [MESSAGE][PASSED] - Object: 'Object Repository/orangeHRM/Page_OrangeHRM/h6_Dashboard' is clicked on

2023-06-14 13:02:33 - [TEST_STEP][PASSED] - closeBrowser(): Browser is closed

2023-06-14 13:02:39 - [MESSAGE][PASSED] - Browser is closed]]></system-out>
         <system-err><![CDATA[]]></system-err>
      </testcase>
      <system-out><![CDATA[2023-06-14 12:59:18 - [TEST_SUITE][PASSED] - Test Suite4: Test Cases/Test Case4]]></system-out>
      <system-err><![CDATA[]]></system-err>
   </testsuite>
</testsuites>
