<?xml version="1.0" encoding="UTF-8"?>
<testsuites name="Test Suite1" time="24.686" tests="2" failures="0" errors="0">
   <testsuite name="Test Suite1" tests="2" failures="0" errors="0" time="24.686" skipped="0" timestamp="2023-06-14 11:30:12" hostname="nikhita.ganvir - INBL01LAP30757.brd.g-c-i.com" id="Test Suites/Test Suite1">
      <properties>
         <property name="deviceName" value=""/>
         <property name="devicePlatform" value=""/>
         <property name="logFolder" value="C:\\Users\\nikhita.ganvir\\git\\TestOps_Session\\Reports\\20230614_113000\\Test Suite1\\20230614_113000"/>
         <property name="logFiles" value="C:\\Users\\nikhita.ganvir\\git\\TestOps_Session\\Reports\\20230614_113000\\Test Suite1\\20230614_113000\\execution0.log"/>
         <property name="attachments" value=""/>
         <property name="hostName" value="nikhita.ganvir - INBL01LAP30757.brd.g-c-i.com"/>
         <property name="os" value="Windows 10 64bit"/>
         <property name="katalonVersion" value="8.6.0.208"/>
         <property name="browser" value="Chrome 114.0.0.0"/>
         <property name="hostAddress" value="192.168.1.5"/>
         <property name="sessionId" value="23de758d56bf2fab432e0ed5a81acac6"/>
         <property name="seleniumVersion" value="3.141.59"/>
         <property name="proxyInformation" value="ProxyInformation { proxyOption=NO_PROXY, proxyServerType=HTTP, username=, password=********, proxyServerAddress=, proxyServerPort=0, executionList=&quot;&quot;, isApplyToDesiredCapabilities=true }"/>
         <property name="platform" value="Windows 10"/>
      </properties>
      <testcase name="Test Cases/Test Case1" time="12.464" classname="Test Cases/Test Case1" status="PASSED">
         <system-out><![CDATA[2023-06-14 11:30:13 - [TEST_CASE][PASSED] - Test Cases/Test Case1: Test Cases/Test Case1

2023-06-14 11:30:13 - [TEST_STEP][PASSED] - openBrowser(""): Browser is opened with url: ''

2023-06-14 11:30:14 - [MESSAGE][INFO] - Starting 'Chrome' driver

2023-06-14 11:30:14 - [MESSAGE][INFO] - Action delay is set to 0 milliseconds

2023-06-14 11:30:18 - [MESSAGE][PASSED] - Browser is opened with url: ''

2023-06-14 11:30:18 - [TEST_STEP][PASSED] - navigateToUrl("https://www.google.com"): Navigate to 'https://www.google.com' successfully

2023-06-14 11:30:20 - [MESSAGE][PASSED] - Navigate to 'https://www.google.com' successfully

2023-06-14 11:30:20 - [TEST_STEP][PASSED] - delay(3): Delayed 3 second(s)

2023-06-14 11:30:23 - [MESSAGE][PASSED] - Delayed 3 second(s)

2023-06-14 11:30:23 - [TEST_STEP][PASSED] - closeBrowser(): Browser is closed

2023-06-14 11:30:25 - [MESSAGE][PASSED] - Browser is closed]]></system-out>
         <system-err><![CDATA[]]></system-err>
      </testcase>
      <testcase name="Test Cases/Test Case2" time="11.84" classname="Test Cases/Test Case2" status="PASSED">
         <system-out><![CDATA[2023-06-14 11:30:25 - [TEST_CASE][PASSED] - Test Cases/Test Case2: Test Cases/Test Case2

2023-06-14 11:30:25 - [TEST_STEP][PASSED] - openBrowser(""): Browser is opened with url: ''

2023-06-14 11:30:25 - [MESSAGE][INFO] - Starting 'Chrome' driver

2023-06-14 11:30:25 - [MESSAGE][INFO] - Action delay is set to 0 milliseconds

2023-06-14 11:30:27 - [MESSAGE][PASSED] - Browser is opened with url: ''

2023-06-14 11:30:27 - [TEST_STEP][PASSED] - navigateToUrl("https://www.youtube.com"): Navigate to 'https://www.youtube.com' successfully

2023-06-14 11:30:33 - [MESSAGE][PASSED] - Navigate to 'https://www.youtube.com' successfully

2023-06-14 11:30:33 - [TEST_STEP][PASSED] - delay(3): Delayed 3 second(s)

2023-06-14 11:30:36 - [MESSAGE][PASSED] - Delayed 3 second(s)

2023-06-14 11:30:36 - [TEST_STEP][PASSED] - closeBrowser(): Browser is closed

2023-06-14 11:30:37 - [MESSAGE][PASSED] - Browser is closed]]></system-out>
         <system-err><![CDATA[]]></system-err>
      </testcase>
      <system-out><![CDATA[2023-06-14 11:30:12 - [TEST_SUITE][PASSED] - Test Suite1: Test Cases/Test Case2]]></system-out>
      <system-err><![CDATA[]]></system-err>
   </testsuite>
</testsuites>
